<?xml version="1.0" encoding="UTF-8"?>
<!-- Generated by org.testng.reporters.JUnitReportReporter -->
<testsuite hostname="INGRLT001682" failures="0" tests="1" name="Selenuimprogramme.Paramerization" time="6.978" errors="0" timestamp="2025-05-20T10:18:11 IST" skipped="0">
  <testcase classname="Selenuimprogramme.Paramerization" name="test" time="6.978"/>
</testsuite> <!-- Selenuimprogramme.Paramerization -->
