<?xml version="1.0" encoding="UTF-8"?>
<!-- Generated by org.testng.reporters.JUnitReportReporter -->
<testsuite hostname="INGRLT001682" failures="0" tests="1" name="TestNg.Paramerization" time="12.657" errors="0" timestamp="2025-06-25T22:34:33 IST" skipped="0">
  <testcase classname="TestNg.Paramerization" name="test" time="12.657"/>
</testsuite> <!-- TestNg.Paramerization -->
