<?xml version="1.0" encoding="UTF-8"?>
<!-- Generated by org.testng.reporters.JUnitReportReporter -->
<testsuite hostname="INGRLT001682" failures="0" tests="1" name="RestAssured.PatchReq" time="11.479" errors="0" timestamp="2025-06-01T20:03:52 IST" skipped="0">
  <testcase classname="RestAssured.PatchReq" name="Patch" time="11.479"/>
</testsuite> <!-- RestAssured.PatchReq -->
