<?xml version="1.0" encoding="UTF-8"?>
<!-- Generated by org.testng.reporters.JUnitReportReporter -->
<testsuite hostname="INGRLT001682" failures="0" tests="2" name="TestNg.Parllel_testing" time="24.522" errors="0" timestamp="2025-07-07T19:18:16 IST" skipped="0">
  <testcase classname="TestNg.Parllel_testing" name="Method" time="14.537"/>
  <testcase classname="TestNg.Parllel_testing" name="gettitle" time="9.985"/>
</testsuite> <!-- TestNg.Parllel_testing -->
