<?xml version="1.0" encoding="UTF-8"?>
<!-- Generated by org.testng.reporters.JUnitReportReporter -->
<testsuite hostname="INGRLT001682" failures="0" tests="2" name="Selenuimprogramme.Parllel_testing" time="10.063" errors="0" timestamp="2025-05-20T08:46:38 IST" skipped="0">
  <testcase classname="Selenuimprogramme.Parllel_testing" name="gettitle" time="2.936"/>
  <testcase classname="Selenuimprogramme.Parllel_testing" name="Method" time="7.127"/>
</testsuite> <!-- Selenuimprogramme.Parllel_testing -->
