<?xml version="1.0" encoding="UTF-8"?>
<!-- Generated by org.testng.reporters.JUnitReportReporter -->
<testsuite hostname="INGRLT001682" failures="0" tests="2" name="ProgrammeJava.TestNg_Practice" time="11.677" errors="0" timestamp="2025-06-25T22:28:00 IST" skipped="0">
  <testcase classname="ProgrammeJava.TestNg_Practice" name="VerifyLoginpage" time="7.861"/>
  <testcase classname="ProgrammeJava.TestNg_Practice" name="Verifytitle" time="3.816"/>
</testsuite> <!-- ProgrammeJava.TestNg_Practice -->
