<?xml version="1.0" encoding="UTF-8"?>
<!-- Generated by org.testng.reporters.JUnitReportReporter -->
<testsuite hostname="INGRLT001682" failures="0" tests="1" name="RestAssured.PostReq" time="1.907" errors="0" timestamp="2025-06-01T19:54:47 IST" skipped="0">
  <testcase classname="RestAssured.PostReq" name="Post" time="1.907"/>
</testsuite> <!-- RestAssured.PostReq -->
