<?xml version="1.0" encoding="UTF-8"?>
<!-- Generated by org.testng.reporters.JUnitReportReporter -->
<testsuite hostname="INGRLT001682" failures="0" tests="5" name="TestNg.Annotation" time="0.027" errors="0" timestamp="2025-06-25T22:31:55 IST" skipped="0">
  <testcase classname="TestNg.Annotation" name="method3" time="0.003"/>
  <testcase classname="TestNg.Annotation" name="method1" time="0.003"/>
  <testcase classname="TestNg.Annotation" name="method3" time="0.003"/>
  <testcase classname="TestNg.Annotation" name="method3" time="0.002"/>
  <testcase classname="TestNg.Annotation" name="method" time="0.016"/>
</testsuite> <!-- TestNg.Annotation -->
