<?xml version="1.0" encoding="UTF-8"?>
<!-- Generated by org.testng.reporters.JUnitReportReporter -->
<testsuite hostname="INGRLT001682" failures="0" tests="1" name="RestAssured.PutReq" time="2.117" errors="0" timestamp="2025-06-01T19:57:02 IST" skipped="0">
  <testcase classname="RestAssured.PutReq" name="Put" time="2.117"/>
</testsuite> <!-- RestAssured.PutReq -->
