<?xml version="1.0" encoding="UTF-8"?>
<!-- Generated by org.testng.reporters.JUnitReportReporter -->
<testsuite hostname="INGRLT001682" failures="0" tests="1" name="RestAssured.DeleteReq" time="2.982" errors="0" timestamp="2025-06-01T20:14:37 IST" skipped="0">
  <testcase classname="RestAssured.DeleteReq" name="delete" time="2.982"/>
</testsuite> <!-- RestAssured.DeleteReq -->
